<?xml version="1.0" encoding="UTF-8"?>
<!-- Generated by org.testng.reporters.JUnitReportReporter -->
<testsuite hostname="DESKTOP-BCJC4A0" failures="0" tests="1" name="TestScript.LogoutTest" time="5.649" errors="0" timestamp="2025-03-25T10:29:37 IST" skipped="0">
  <testcase classname="TestScript.LogoutTest" name="verifyTheUserAbleToSuccessFullyLogout" time="5.649"/>
</testsuite> <!-- TestScript.LogoutTest -->
